
> personal-dev-configs@0.0.0 lint /Users/dbarr/Documents/Development/personal-dev-configs
> turbo run lint-ts lint-prettier ts-check

turbo 2.6.0

• Packages in scope: @dbarrett24/basketball-training-ui, @dbarrett24/core-components, @dbarrett24/eslint-config, @dbarrett24/eslint-config-library, @dbarrett24/jest-config, @dbarrett24/jest-config-library, @dbarrett24/prettier-config, @dbarrett24/professional-brand-ui, @dbarrett24/testing-utils, @dbarrett24/theme-system, @dbarrett24/tsup-config, @dbarrett24/typescript-config, docs, nextjs-app-template, react-vite-template
• Running lint-ts, lint-prettier, ts-check in 15 packages
• Remote caching disabled
@dbarrett24/tsup-config:lint-prettier: cache miss, executing a4bbb63049648455
@dbarrett24/theme-system:lint-prettier: cache miss, executing b1224539b334b0f6
@dbarrett24/professional-brand-ui:lint-prettier: cache miss, executing ab7fcb8cc9c2df84
@dbarrett24/core-components:lint-prettier: cache miss, executing 95596cac25212fe3
react-vite-template:lint-prettier: cache miss, executing f33bad23a9601ba9
nextjs-app-template:lint-prettier: cache miss, executing 9950e690b4082785
@dbarrett24/testing-utils:lint-prettier: cache miss, executing 37ec57550effaebe
@dbarrett24/basketball-training-ui:lint-prettier: cache miss, executing fe4d312585d170ef
@dbarrett24/tsup-config:lint-ts: cache miss, executing 3c5f4cb844a1638e
@dbarrett24/tsup-config:build: cache hit, replaying logs 2ae25bcd3afc4081
@dbarrett24/tsup-config:build: 
@dbarrett24/tsup-config:build: > @dbarrett24/tsup-config@1.0.0 build /Users/dbarr/Documents/Development/personal-dev-configs/shared-configs/tsup-config
@dbarrett24/tsup-config:build: > tsup
@dbarrett24/tsup-config:build: 
@dbarrett24/tsup-config:build: CLI Building entry: src/index.ts
@dbarrett24/tsup-config:build: CLI Using tsconfig: tsconfig.json
@dbarrett24/tsup-config:build: CLI tsup v8.5.0
@dbarrett24/tsup-config:build: CLI Using tsup config: /Users/dbarr/Documents/Development/personal-dev-configs/shared-configs/tsup-config/tsup.config.ts
@dbarrett24/tsup-config:build: CLI Target: es2020
@dbarrett24/tsup-config:build: CLI Cleaning output folder
@dbarrett24/tsup-config:build: CJS Build start
@dbarrett24/tsup-config:build: ESM Build start
@dbarrett24/tsup-config:build: ESM dist/index.mjs     3.91 KB
@dbarrett24/tsup-config:build: ESM dist/index.mjs.map 9.01 KB
@dbarrett24/tsup-config:build: ESM ⚡️ Build success in 13ms
@dbarrett24/tsup-config:build: CJS dist/index.js     5.90 KB
@dbarrett24/tsup-config:build: CJS dist/index.js.map 9.16 KB
@dbarrett24/tsup-config:build: CJS ⚡️ Build success in 13ms
@dbarrett24/tsup-config:build: DTS Build start
@dbarrett24/tsup-config:build: DTS ⚡️ Build success in 443ms
@dbarrett24/tsup-config:build: DTS dist/index.d.ts  1.27 KB
@dbarrett24/tsup-config:build: DTS dist/index.d.mts 1.27 KB
@dbarrett24/tsup-config:lint-prettier: 
@dbarrett24/tsup-config:lint-prettier: > @dbarrett24/tsup-config@1.0.0 lint-prettier /Users/dbarr/Documents/Development/personal-dev-configs/shared-configs/tsup-config
@dbarrett24/tsup-config:lint-prettier: > prettier --cache --check "src/**/*.{json,js,jsx,ts,tsx}"
@dbarrett24/tsup-config:lint-prettier: 
@dbarrett24/theme-system:lint-prettier: 
@dbarrett24/theme-system:lint-prettier: > @dbarrett24/theme-system@1.0.0 lint-prettier /Users/dbarr/Documents/Development/personal-dev-configs/shared-configs/theme-system
@dbarrett24/theme-system:lint-prettier: > prettier --cache --check "src/**/*.{json,js,jsx,ts,tsx}"
@dbarrett24/theme-system:lint-prettier: 
@dbarrett24/tsup-config:ts-check: cache hit, replaying logs ddc8615b0d2ab2af
@dbarrett24/professional-brand-ui:lint-prettier: 
@dbarrett24/professional-brand-ui:lint-prettier: > @dbarrett24/professional-brand-ui@1.0.1 lint-prettier /Users/dbarr/Documents/Development/personal-dev-configs/brand-libraries/professional-brand-ui
@dbarrett24/professional-brand-ui:lint-prettier: > prettier --cache --check "src/**/*.{json,js,jsx,ts,tsx}"
@dbarrett24/professional-brand-ui:lint-prettier: 
@dbarrett24/tsup-config:ts-check: 
@dbarrett24/tsup-config:ts-check: > @dbarrett24/tsup-config@1.0.0 ts-check /Users/dbarr/Documents/Development/personal-dev-configs/shared-configs/tsup-config
@dbarrett24/tsup-config:ts-check: > tsc --noEmit
@dbarrett24/tsup-config:ts-check: 
@dbarrett24/testing-utils:lint-ts: cache miss, executing 563e8782d66d47a9
@dbarrett24/core-components:lint-prettier: 
@dbarrett24/core-components:lint-prettier: > @dbarrett24/core-components@1.0.0 lint-prettier /Users/dbarr/Documents/Development/personal-dev-configs/shared-configs/core-components
@dbarrett24/core-components:lint-prettier: > prettier --cache --check "src/**/*.{json,js,jsx,ts,tsx}"
@dbarrett24/core-components:lint-prettier: 
nextjs-app-template:lint-prettier: 
nextjs-app-template:lint-prettier: > nextjs-app-template@0.1.1 lint-prettier /Users/dbarr/Documents/Development/personal-dev-configs/apps/nextjs-app
nextjs-app-template:lint-prettier: > prettier --cache --check .
nextjs-app-template:lint-prettier: 
react-vite-template:lint-prettier: 
react-vite-template:lint-prettier: > react-vite-template@0.1.1 lint-prettier /Users/dbarr/Documents/Development/personal-dev-configs/apps/react-vite
react-vite-template:lint-prettier: > prettier --cache --check "src/**/*.{json,js,jsx,ts,tsx}"
react-vite-template:lint-prettier: 
@dbarrett24/testing-utils:lint-prettier: 
@dbarrett24/testing-utils:lint-prettier: > @dbarrett24/testing-utils@1.0.0 lint-prettier /Users/dbarr/Documents/Development/personal-dev-configs/shared-configs/testing-utils
@dbarrett24/testing-utils:lint-prettier: > prettier --cache --check "src/**/*.{json,js,jsx,ts,tsx}"
@dbarrett24/testing-utils:lint-prettier: 
@dbarrett24/basketball-training-ui:lint-prettier: 
@dbarrett24/basketball-training-ui:lint-prettier: > @dbarrett24/basketball-training-ui@1.0.1 lint-prettier /Users/dbarr/Documents/Development/personal-dev-configs/brand-libraries/basketball-training-ui
@dbarrett24/basketball-training-ui:lint-prettier: > prettier --cache --check "src/**/*.{json,js,jsx,ts,tsx}"
@dbarrett24/basketball-training-ui:lint-prettier: 
@dbarrett24/tsup-config:lint-ts: 
@dbarrett24/tsup-config:lint-ts: > @dbarrett24/tsup-config@1.0.0 lint-ts /Users/dbarr/Documents/Development/personal-dev-configs/shared-configs/tsup-config
@dbarrett24/tsup-config:lint-ts: > eslint src --cache
@dbarrett24/tsup-config:lint-ts: 
@dbarrett24/testing-utils:lint-ts: 
@dbarrett24/testing-utils:lint-ts: > @dbarrett24/testing-utils@1.0.0 lint-ts /Users/dbarr/Documents/Development/personal-dev-configs/shared-configs/testing-utils
@dbarrett24/testing-utils:lint-ts: > eslint src --cache
@dbarrett24/testing-utils:lint-ts: 
@dbarrett24/tsup-config:lint-prettier: Checking formatting...
@dbarrett24/core-components:lint-prettier: Checking formatting...
@dbarrett24/testing-utils:lint-prettier: Checking formatting...
@dbarrett24/professional-brand-ui:lint-prettier: Checking formatting...
@dbarrett24/basketball-training-ui:lint-prettier: Checking formatting...
@dbarrett24/tsup-config:lint-prettier: [warn] src/index.ts
@dbarrett24/tsup-config:lint-prettier: [warn] Code style issues found in the above file. Run Prettier with --write to fix.
@dbarrett24/testing-utils:lint-prettier: [warn] src/FormWrapper.tsx
nextjs-app-template:lint-prettier: Checking formatting...
@dbarrett24/tsup-config:lint-prettier:  ELIFECYCLE  Command failed with exit code 1.
@dbarrett24/testing-utils:lint-prettier: [warn] src/index.ts
@dbarrett24/theme-system:lint-prettier: Checking formatting...
@dbarrett24/testing-utils:lint-prettier: [warn] src/jotaiStore.ts
react-vite-template:lint-prettier: Checking formatting...
@dbarrett24/testing-utils:lint-prettier: [warn] src/render.tsx
@dbarrett24/testing-utils:lint-prettier: [warn] src/types.ts
@dbarrett24/testing-utils:lint-prettier: [warn] src/useQueryMock.ts
@dbarrett24/testing-utils:lint-prettier: [warn] Code style issues found in 6 files. Run Prettier with --write to fix.
@dbarrett24/testing-utils:lint-prettier:  ELIFECYCLE  Command failed with exit code 1.
@dbarrett24/tsup-config:lint-prettier: ERROR: command finished with error: command (/Users/dbarr/Documents/Development/personal-dev-configs/shared-configs/tsup-config) /Users/dbarr/Library/pnpm/.tools/pnpm/10.13.1/bin/pnpm run lint-prettier exited (1)
@dbarrett24/theme-system:lint-ts: cache miss, executing cdb7992890e70222
@dbarrett24/theme-system:ts-check: cache hit, replaying logs 6527f274ba7e119d
@dbarrett24/theme-system:ts-check: 
@dbarrett24/theme-system:ts-check: > @dbarrett24/theme-system@1.0.0 ts-check /Users/dbarr/Documents/Development/personal-dev-configs/shared-configs/theme-system
@dbarrett24/theme-system:ts-check: > tsc --noEmit
@dbarrett24/theme-system:ts-check: 
@dbarrett24/testing-utils:build: cache hit, replaying logs 16ee919472bf2283
@dbarrett24/theme-system:build: cache hit, replaying logs 7a40b80459d7e093
@dbarrett24/testing-utils:build: 
@dbarrett24/testing-utils:build: > @dbarrett24/testing-utils@1.0.0 build /Users/dbarr/Documents/Development/personal-dev-configs/shared-configs/testing-utils
@dbarrett24/testing-utils:build: > tsup
@dbarrett24/testing-utils:build: 
@dbarrett24/testing-utils:build: CLI Building entry: src/index.ts
@dbarrett24/testing-utils:build: CLI Using tsconfig: tsconfig.json
@dbarrett24/testing-utils:build: CLI tsup v6.7.0
@dbarrett24/testing-utils:build: CLI Using tsup config: /Users/dbarr/Documents/Development/personal-dev-configs/shared-configs/testing-utils/tsup.config.ts
@dbarrett24/testing-utils:build: CLI Target: es2020
@dbarrett24/testing-utils:build: CLI Cleaning output folder
@dbarrett24/testing-utils:build: CJS Build start
@dbarrett24/testing-utils:build: ESM Build start
@dbarrett24/testing-utils:build: ESM dist/index.mjs     4.02 KB
@dbarrett24/testing-utils:build: ESM dist/index.mjs.map 10.57 KB
@dbarrett24/testing-utils:build: ESM ⚡️ Build success in 16ms
@dbarrett24/testing-utils:build: CJS dist/index.js     6.37 KB
@dbarrett24/testing-utils:build: CJS dist/index.js.map 10.67 KB
@dbarrett24/testing-utils:build: CJS ⚡️ Build success in 16ms
@dbarrett24/testing-utils:build: DTS Build start
@dbarrett24/testing-utils:build: DTS ⚡️ Build success in 1033ms
@dbarrett24/testing-utils:build: DTS dist/index.d.ts 5.99 KB
@dbarrett24/theme-system:build: 
@dbarrett24/theme-system:build: > @dbarrett24/theme-system@1.0.0 build /Users/dbarr/Documents/Development/personal-dev-configs/shared-configs/theme-system
@dbarrett24/theme-system:build: > tsup
@dbarrett24/theme-system:build: 
@dbarrett24/theme-system:build: CLI Building entry: src/index.ts, src/theme.ts, src/cn.ts
@dbarrett24/theme-system:build: CLI Using tsconfig: tsconfig.json
@dbarrett24/theme-system:build: CLI tsup v6.7.0
@dbarrett24/theme-system:build: CLI Using tsup config: /Users/dbarr/Documents/Development/personal-dev-configs/shared-configs/theme-system/tsup.config.ts
@dbarrett24/theme-system:build: CLI Target: es2020
@dbarrett24/theme-system:build: CLI Cleaning output folder
@dbarrett24/theme-system:build: CJS Build start
@dbarrett24/theme-system:build: ESM Build start
@dbarrett24/theme-system:build: CJS dist/theme.js     4.36 KB
@dbarrett24/theme-system:build: CJS dist/cn.js        1.21 KB
@dbarrett24/theme-system:build: CJS dist/index.js     4.59 KB
@dbarrett24/theme-system:build: CJS dist/theme.js.map 5.43 KB
@dbarrett24/theme-system:build: CJS dist/cn.js.map    1.17 KB
@dbarrett24/theme-system:build: CJS dist/index.js.map 6.63 KB
@dbarrett24/theme-system:build: CJS ⚡️ Build success in 14ms
@dbarrett24/theme-system:build: ESM dist/theme.mjs     3.37 KB
@dbarrett24/theme-system:build: ESM dist/index.mjs     3.52 KB
@dbarrett24/theme-system:build: ESM dist/cn.mjs        193.00 B
@dbarrett24/theme-system:build: ESM dist/index.mjs.map 6.45 KB
@dbarrett24/theme-system:build: ESM dist/theme.mjs.map 5.39 KB
@dbarrett24/theme-system:build: ESM dist/cn.mjs.map    1.13 KB
@dbarrett24/theme-system:build: ESM ⚡️ Build success in 14ms
@dbarrett24/theme-system:build: DTS Build start
@dbarrett24/theme-system:build: DTS ⚡️ Build success in 772ms
@dbarrett24/theme-system:build: DTS dist/index.d.ts 92.00 B
@dbarrett24/theme-system:build: DTS dist/theme.d.ts 2.57 KB
@dbarrett24/theme-system:build: DTS dist/cn.d.ts    865.00 B
@dbarrett24/testing-utils:ts-check: cache hit, replaying logs 899c24146a715fff
@dbarrett24/testing-utils:ts-check: 
@dbarrett24/testing-utils:ts-check: > @dbarrett24/testing-utils@1.0.0 ts-check /Users/dbarr/Documents/Development/personal-dev-configs/shared-configs/testing-utils
@dbarrett24/testing-utils:ts-check: > tsc --noEmit
@dbarrett24/testing-utils:ts-check: 
@dbarrett24/tsup-config#lint-prettier: command (/Users/dbarr/Documents/Development/personal-dev-configs/shared-configs/tsup-config) /Users/dbarr/Library/pnpm/.tools/pnpm/10.13.1/bin/pnpm run lint-prettier exited (1)

 Tasks:    6 successful, 17 total
Cached:    6 cached, 17 total
  Time:    2.531s 
Failed:    @dbarrett24/tsup-config#lint-prettier

 ERROR  run failed: command  exited (1)
 ELIFECYCLE  Command failed with exit code 1.
