
> personal-dev-configs@0.0.0 lint-fix /Users/dbarr/Documents/Development/personal-dev-configs
> turbo run lint-ts-fix lint-prettier-fix

turbo 2.6.0

• Packages in scope: @dbarrett24/basketball-training-ui, @dbarrett24/core-components, @dbarrett24/eslint-config, @dbarrett24/eslint-config-library, @dbarrett24/jest-config, @dbarrett24/jest-config-library, @dbarrett24/prettier-config, @dbarrett24/professional-brand-ui, @dbarrett24/testing-utils, @dbarrett24/theme-system, @dbarrett24/tsup-config, @dbarrett24/typescript-config, docs, nextjs-app-template, react-vite-template
• Running lint-ts-fix, lint-prettier-fix in 15 packages
• Remote caching disabled
react-vite-template:lint-prettier-fix: cache bypass, force executing 25f3307bb4b44bf4
nextjs-app-template:lint-prettier-fix: cache bypass, force executing 7809832a0bbd605f
@dbarrett24/tsup-config:lint-prettier-fix: cache bypass, force executing 8032acb13ef229bb
@dbarrett24/theme-system:lint-prettier-fix: cache bypass, force executing 5be8fcb3e98b3cd0
@dbarrett24/testing-utils:lint-prettier-fix: cache bypass, force executing 48ee88013ab3da1d
@dbarrett24/basketball-training-ui:lint-prettier-fix: cache bypass, force executing 72fa5e50f4ebcf1a
@dbarrett24/core-components:lint-prettier-fix: cache bypass, force executing 9a98a24146fb0c3e
@dbarrett24/professional-brand-ui:lint-prettier-fix: cache bypass, force executing efa7fdba17ab8040
@dbarrett24/tsup-config:build: cache miss, executing 4395c5c62900f08d
@dbarrett24/tsup-config:lint-ts-fix: cache bypass, force executing 8a19686a0b6b89c3
react-vite-template:lint-prettier-fix: 
react-vite-template:lint-prettier-fix: > react-vite-template@0.1.1 lint-prettier-fix /Users/dbarr/Documents/Development/personal-dev-configs/apps/react-vite
react-vite-template:lint-prettier-fix: > prettier --cache --write "src/**/*.{json,js,jsx,ts,tsx}"
react-vite-template:lint-prettier-fix: 
nextjs-app-template:lint-prettier-fix: 
nextjs-app-template:lint-prettier-fix: > nextjs-app-template@0.1.1 lint-prettier-fix /Users/dbarr/Documents/Development/personal-dev-configs/apps/nextjs-app
nextjs-app-template:lint-prettier-fix: > prettier --cache --write .
nextjs-app-template:lint-prettier-fix: 
@dbarrett24/tsup-config:lint-prettier-fix: 
@dbarrett24/tsup-config:lint-prettier-fix: > @dbarrett24/tsup-config@1.0.0 lint-prettier-fix /Users/dbarr/Documents/Development/personal-dev-configs/shared-configs/tsup-config
@dbarrett24/tsup-config:lint-prettier-fix: > prettier --cache --write "src/**/*.{json,js,jsx,ts,tsx}"
@dbarrett24/tsup-config:lint-prettier-fix: 
@dbarrett24/theme-system:lint-prettier-fix: 
@dbarrett24/theme-system:lint-prettier-fix: > @dbarrett24/theme-system@1.0.0 lint-prettier-fix /Users/dbarr/Documents/Development/personal-dev-configs/shared-configs/theme-system
@dbarrett24/theme-system:lint-prettier-fix: > prettier --cache --write "src/**/*.{json,js,jsx,ts,tsx}"
@dbarrett24/theme-system:lint-prettier-fix: 
@dbarrett24/testing-utils:lint-prettier-fix: 
@dbarrett24/testing-utils:lint-prettier-fix: > @dbarrett24/testing-utils@1.0.0 lint-prettier-fix /Users/dbarr/Documents/Development/personal-dev-configs/shared-configs/testing-utils
@dbarrett24/testing-utils:lint-prettier-fix: > prettier --cache --write "src/**/*.{json,js,jsx,ts,tsx}"
@dbarrett24/testing-utils:lint-prettier-fix: 
@dbarrett24/basketball-training-ui:lint-prettier-fix: 
@dbarrett24/basketball-training-ui:lint-prettier-fix: > @dbarrett24/basketball-training-ui@1.0.1 lint-prettier-fix /Users/dbarr/Documents/Development/personal-dev-configs/brand-libraries/basketball-training-ui
@dbarrett24/basketball-training-ui:lint-prettier-fix: > prettier --cache --write "src/**/*.{json,js,jsx,ts,tsx}"
@dbarrett24/basketball-training-ui:lint-prettier-fix: 
@dbarrett24/core-components:lint-prettier-fix: 
@dbarrett24/core-components:lint-prettier-fix: > @dbarrett24/core-components@1.0.0 lint-prettier-fix /Users/dbarr/Documents/Development/personal-dev-configs/shared-configs/core-components
@dbarrett24/core-components:lint-prettier-fix: > prettier --cache --write "src/**/*.{json,js,jsx,ts,tsx}"
@dbarrett24/core-components:lint-prettier-fix: 
@dbarrett24/professional-brand-ui:lint-prettier-fix: 
@dbarrett24/professional-brand-ui:lint-prettier-fix: > @dbarrett24/professional-brand-ui@1.0.1 lint-prettier-fix /Users/dbarr/Documents/Development/personal-dev-configs/brand-libraries/professional-brand-ui
@dbarrett24/professional-brand-ui:lint-prettier-fix: > prettier --cache --write "src/**/*.{json,js,jsx,ts,tsx}"
@dbarrett24/professional-brand-ui:lint-prettier-fix: 
@dbarrett24/tsup-config:build: 
@dbarrett24/tsup-config:build: > @dbarrett24/tsup-config@1.0.0 build /Users/dbarr/Documents/Development/personal-dev-configs/shared-configs/tsup-config
@dbarrett24/tsup-config:build: > tsup
@dbarrett24/tsup-config:build: 
@dbarrett24/tsup-config:lint-ts-fix: 
@dbarrett24/tsup-config:lint-ts-fix: > @dbarrett24/tsup-config@1.0.0 lint-ts-fix /Users/dbarr/Documents/Development/personal-dev-configs/shared-configs/tsup-config
@dbarrett24/tsup-config:lint-ts-fix: > pnpm lint-ts --fix
@dbarrett24/tsup-config:lint-ts-fix: 
@dbarrett24/tsup-config:lint-ts-fix: 
@dbarrett24/tsup-config:lint-ts-fix: > @dbarrett24/tsup-config@1.0.0 lint-ts /Users/dbarr/Documents/Development/personal-dev-configs/shared-configs/tsup-config
@dbarrett24/tsup-config:lint-ts-fix: > eslint src --cache --fix
@dbarrett24/tsup-config:lint-ts-fix: 
@dbarrett24/tsup-config:lint-prettier-fix: src/index.ts 106ms
@dbarrett24/testing-utils:lint-ts-fix: cache bypass, force executing 095c4343b053d18c
@dbarrett24/tsup-config:build: CLI Building entry: src/index.ts
@dbarrett24/tsup-config:build: CLI Using tsconfig: tsconfig.json
@dbarrett24/tsup-config:build: CLI tsup v8.5.0
@dbarrett24/tsup-config:build: CLI Using tsup config: /Users/dbarr/Documents/Development/personal-dev-configs/shared-configs/tsup-config/tsup.config.ts
@dbarrett24/tsup-config:build: CLI Target: es2020
@dbarrett24/tsup-config:build: CLI Cleaning output folder
@dbarrett24/tsup-config:build: CJS Build start
@dbarrett24/tsup-config:build: ESM Build start
@dbarrett24/tsup-config:build: CJS dist/index.js     5.90 KB
@dbarrett24/tsup-config:build: CJS dist/index.js.map 9.15 KB
@dbarrett24/tsup-config:build: CJS ⚡️ Build success in 43ms
@dbarrett24/tsup-config:build: ESM dist/index.mjs     3.91 KB
@dbarrett24/tsup-config:build: ESM dist/index.mjs.map 9.01 KB
@dbarrett24/tsup-config:build: ESM ⚡️ Build success in 44ms
@dbarrett24/testing-utils:lint-prettier-fix: src/FormWrapper.tsx 97ms
@dbarrett24/testing-utils:lint-prettier-fix: src/index.ts 9ms
@dbarrett24/testing-utils:lint-prettier-fix: src/jotaiStore.ts 11ms
@dbarrett24/testing-utils:lint-prettier-fix: src/render.tsx 15ms
@dbarrett24/testing-utils:lint-ts-fix: 
@dbarrett24/testing-utils:lint-ts-fix: > @dbarrett24/testing-utils@1.0.0 lint-ts-fix /Users/dbarr/Documents/Development/personal-dev-configs/shared-configs/testing-utils
@dbarrett24/testing-utils:lint-ts-fix: > pnpm lint-ts --fix
@dbarrett24/testing-utils:lint-ts-fix: 
@dbarrett24/testing-utils:lint-prettier-fix: src/types.ts 6ms
@dbarrett24/testing-utils:lint-prettier-fix: src/useQueryMock.ts 8ms
@dbarrett24/theme-system:build: cache miss, executing 8a9de37e9b452924
@dbarrett24/tsup-config:build: DTS Build start
@dbarrett24/theme-system:build: 
@dbarrett24/theme-system:build: > @dbarrett24/theme-system@1.0.0 build /Users/dbarr/Documents/Development/personal-dev-configs/shared-configs/theme-system
@dbarrett24/theme-system:build: > tsup
@dbarrett24/theme-system:build: 
@dbarrett24/testing-utils:lint-ts-fix: 
@dbarrett24/testing-utils:lint-ts-fix: > @dbarrett24/testing-utils@1.0.0 lint-ts /Users/dbarr/Documents/Development/personal-dev-configs/shared-configs/testing-utils
@dbarrett24/testing-utils:lint-ts-fix: > eslint src --cache --fix
@dbarrett24/testing-utils:lint-ts-fix: 
@dbarrett24/theme-system:lint-prettier-fix: src/cn.ts 678ms
nextjs-app-template:lint-prettier-fix: .eslintrc.js 832ms
@dbarrett24/theme-system:lint-prettier-fix: src/index.ts 14ms
@dbarrett24/core-components:lint-prettier-fix: src/Button/Button.spec.tsx 766ms (unchanged)
@dbarrett24/professional-brand-ui:lint-prettier-fix: src/components/Button.spec.tsx 754ms (unchanged)
@dbarrett24/professional-brand-ui:lint-prettier-fix: src/components/Button.tsx 5ms (unchanged) (cached)
@dbarrett24/basketball-training-ui:lint-prettier-fix: src/components/Button.spec.tsx 739ms (unchanged)
nextjs-app-template:lint-prettier-fix: .next/app-build-manifest.json 1ms (unchanged) (cached)
@dbarrett24/professional-brand-ui:lint-prettier-fix: src/index.ts 2ms (unchanged) (cached)
@dbarrett24/basketball-training-ui:lint-prettier-fix: src/components/Button.tsx 1ms (unchanged) (cached)
nextjs-app-template:lint-prettier-fix: .next/app-path-routes-manifest.json 1ms (unchanged) (cached)
react-vite-template:lint-prettier-fix: src/App.tsx 839ms
@dbarrett24/basketball-training-ui:lint-prettier-fix: src/index.ts 2ms (unchanged) (cached)
@dbarrett24/theme-system:lint-prettier-fix: src/theme.ts 17ms
nextjs-app-template:lint-prettier-fix: .next/build-manifest.json 1ms (unchanged) (cached)
@dbarrett24/core-components:lint-prettier-fix: src/Button/Button.tsx 28ms (unchanged)
react-vite-template:lint-prettier-fix: src/main.tsx 12ms
@dbarrett24/core-components:lint-prettier-fix: src/Button/Button.types.ts 18ms (unchanged)
@dbarrett24/core-components:lint-prettier-fix: src/index.ts 2ms (unchanged) (cached)
@dbarrett24/theme-system:lint-ts-fix: cache bypass, force executing b0ea3aa68e2017a8
@dbarrett24/core-components:lint-prettier-fix: src/Input/Input.spec.tsx 25ms (unchanged)
@dbarrett24/testing-utils:build: cache miss, executing 33f7d7e577f06a05
@dbarrett24/core-components:lint-prettier-fix: src/Input/Input.tsx 21ms (unchanged)
@dbarrett24/core-components:lint-prettier-fix: src/Input/Input.types.ts 8ms (unchanged)
@dbarrett24/core-components:lint-prettier-fix: src/LoadingSpinner/LoadingSpinner.tsx 8ms (unchanged)
nextjs-app-template:lint-prettier-fix: .next/diagnostics/build-diagnostics.json 1ms (unchanged) (cached)
nextjs-app-template:lint-prettier-fix: .next/diagnostics/framework.json 1ms (unchanged) (cached)
nextjs-app-template:lint-prettier-fix: .next/export-marker.json 1ms (unchanged) (cached)
nextjs-app-template:lint-prettier-fix: .next/images-manifest.json 2ms (unchanged) (cached)
nextjs-app-template:lint-prettier-fix: .next/next-minimal-server.js.nft.json 1ms (unchanged) (cached)
nextjs-app-template:lint-prettier-fix: .next/next-server.js.nft.json 1ms (unchanged) (cached)
nextjs-app-template:lint-prettier-fix: .next/package.json 1ms (unchanged) (cached)
nextjs-app-template:lint-prettier-fix: .next/prerender-manifest.json 1ms (unchanged) (cached)
nextjs-app-template:lint-prettier-fix: .next/react-loadable-manifest.json 1ms (unchanged) (cached)
nextjs-app-template:lint-prettier-fix: .next/required-server-files.json 1ms (unchanged) (cached)
nextjs-app-template:lint-prettier-fix: .next/routes-manifest.json 1ms (unchanged) (cached)
nextjs-app-template:lint-prettier-fix: .next/server/app-paths-manifest.json 1ms (unchanged) (cached)
nextjs-app-template:lint-prettier-fix: .next/server/app/_not-found.html 1ms (unchanged) (cached)
nextjs-app-template:lint-prettier-fix: .next/server/app/_not-found/page_client-reference-manifest.js 0ms (unchanged) (cached)
@dbarrett24/testing-utils:build: 
@dbarrett24/testing-utils:build: > @dbarrett24/testing-utils@1.0.0 build /Users/dbarr/Documents/Development/personal-dev-configs/shared-configs/testing-utils
@dbarrett24/testing-utils:build: > tsup
@dbarrett24/testing-utils:build: 
nextjs-app-template:lint-prettier-fix: .next/server/app/_not-found/page.js 1ms (unchanged) (cached)
nextjs-app-template:lint-prettier-fix: .next/server/app/_not-found/page.js.nft.json 1ms (unchanged) (cached)
nextjs-app-template:lint-prettier-fix: .next/server/app/index.html 1ms (unchanged) (cached)
@dbarrett24/theme-system:lint-ts-fix: 
@dbarrett24/theme-system:lint-ts-fix: > @dbarrett24/theme-system@1.0.0 lint-ts-fix /Users/dbarr/Documents/Development/personal-dev-configs/shared-configs/theme-system
@dbarrett24/theme-system:lint-ts-fix: > pnpm lint-ts --fix
@dbarrett24/theme-system:lint-ts-fix: 
nextjs-app-template:lint-prettier-fix: .next/server/app/page_client-reference-manifest.js 1ms (unchanged) (cached)
nextjs-app-template:lint-prettier-fix: .next/server/app/page.js 1ms (unchanged) (cached)
nextjs-app-template:lint-prettier-fix: .next/server/app/page.js.nft.json 1ms (unchanged) (cached)
nextjs-app-template:lint-prettier-fix: .next/server/chunks/131.js 2ms (unchanged) (cached)
nextjs-app-template:lint-prettier-fix: .next/server/chunks/439.js 1ms (unchanged) (cached)
nextjs-app-template:lint-prettier-fix: .next/server/functions-config-manifest.json 1ms (unchanged) (cached)
nextjs-app-template:lint-prettier-fix: .next/server/interception-route-rewrite-manifest.js 1ms (unchanged) (cached)
nextjs-app-template:lint-prettier-fix: .next/server/middleware-build-manifest.js 0ms (unchanged) (cached)
nextjs-app-template:lint-prettier-fix: .next/server/middleware-manifest.json 0ms (unchanged) (cached)
nextjs-app-template:lint-prettier-fix: .next/server/middleware-react-loadable-manifest.js 0ms (unchanged) (cached)
nextjs-app-template:lint-prettier-fix: .next/server/next-font-manifest.js 1ms (unchanged) (cached)
nextjs-app-template:lint-prettier-fix: .next/server/next-font-manifest.json 0ms (unchanged) (cached)
nextjs-app-template:lint-prettier-fix: .next/server/pages-manifest.json 1ms (unchanged) (cached)
nextjs-app-template:lint-prettier-fix: .next/server/pages/_app.js 0ms (unchanged) (cached)
nextjs-app-template:lint-prettier-fix: .next/server/pages/_app.js.nft.json 1ms (unchanged) (cached)
nextjs-app-template:lint-prettier-fix: .next/server/pages/_document.js 0ms (unchanged) (cached)
nextjs-app-template:lint-prettier-fix: .next/server/pages/_document.js.nft.json 2ms (unchanged) (cached)
nextjs-app-template:lint-prettier-fix: .next/server/pages/_error.js 1ms (unchanged) (cached)
nextjs-app-template:lint-prettier-fix: .next/server/pages/_error.js.nft.json 0ms (unchanged) (cached)
nextjs-app-template:lint-prettier-fix: .next/server/pages/404.html 1ms (unchanged) (cached)
nextjs-app-template:lint-prettier-fix: .next/server/pages/500.html 0ms (unchanged) (cached)
nextjs-app-template:lint-prettier-fix: .next/server/server-reference-manifest.js 0ms (unchanged) (cached)
nextjs-app-template:lint-prettier-fix: .next/server/server-reference-manifest.json 0ms (unchanged) (cached)
nextjs-app-template:lint-prettier-fix: .next/server/webpack-runtime.js 0ms (unchanged) (cached)
nextjs-app-template:lint-prettier-fix: .next/static/3xsBtcazQF0ITSqjrjf6b/_buildManifest.js 0ms (unchanged) (cached)
nextjs-app-template:lint-prettier-fix: .next/static/3xsBtcazQF0ITSqjrjf6b/_ssgManifest.js 0ms (unchanged) (cached)
nextjs-app-template:lint-prettier-fix: .next/static/chunks/231-d10755b07c5cf20d.js 1ms (unchanged) (cached)
nextjs-app-template:lint-prettier-fix: .next/static/chunks/52-ad6144cce28431af.js 1ms (unchanged) (cached)
nextjs-app-template:lint-prettier-fix: .next/static/chunks/521-26352612e2752394.js 1ms (unchanged) (cached)
nextjs-app-template:lint-prettier-fix: .next/static/chunks/app/_not-found/page-fef238715f8f1865.js 0ms (unchanged) (cached)
nextjs-app-template:lint-prettier-fix: .next/static/chunks/app/layout-bd36b59f508972ae.js 0ms (unchanged) (cached)
nextjs-app-template:lint-prettier-fix: .next/static/chunks/app/page-1f858be121963d8b.js 0ms (unchanged) (cached)
nextjs-app-template:lint-prettier-fix: .next/static/chunks/d1680958-74413d512b962e6c.js 1ms (unchanged) (cached)
nextjs-app-template:lint-prettier-fix: .next/static/chunks/framework-56e8cd5b9aa2320c.js 1ms (unchanged) (cached)
nextjs-app-template:lint-prettier-fix: .next/static/chunks/main-app-04b8b211d658e39f.js 0ms (unchanged) (cached)
nextjs-app-template:lint-prettier-fix: .next/static/chunks/main-f2c5479925817318.js 1ms (unchanged) (cached)
nextjs-app-template:lint-prettier-fix: .next/static/chunks/pages/_app-1bd77b0f558ebedd.js 0ms (unchanged) (cached)
nextjs-app-template:lint-prettier-fix: .next/static/chunks/pages/_error-8b937947da9c9dc9.js 0ms (unchanged) (cached)
nextjs-app-template:lint-prettier-fix: .next/static/chunks/polyfills-42372ed130431b0a.js 1ms (unchanged) (cached)
nextjs-app-template:lint-prettier-fix: .next/static/chunks/webpack-109a58171d9d9d96.js 0ms (unchanged) (cached)
nextjs-app-template:lint-prettier-fix: .next/static/css/6a66f6c4537df53e.css 0ms (unchanged) (cached)
nextjs-app-template:lint-prettier-fix: .next/types/app/layout.ts 0ms (unchanged) (cached)
nextjs-app-template:lint-prettier-fix: .next/types/app/page.ts 1ms (unchanged) (cached)
nextjs-app-template:lint-prettier-fix: .next/types/cache-life.d.ts 1ms (unchanged) (cached)
nextjs-app-template:lint-prettier-fix: .next/types/package.json 1ms (unchanged) (cached)
nextjs-app-template:lint-prettier-fix: .next/types/routes.d.ts 1ms (unchanged) (cached)
nextjs-app-template:lint-prettier-fix: .next/types/validator.ts 0ms (unchanged) (cached)
nextjs-app-template:lint-prettier-fix: app/globals.css 9ms
@dbarrett24/tsup-config:build: DTS ⚡️ Build success in 871ms
@dbarrett24/tsup-config:build: DTS dist/index.d.ts  1.27 KB
@dbarrett24/tsup-config:build: DTS dist/index.d.mts 1.27 KB
nextjs-app-template:lint-prettier-fix: app/layout.tsx 12ms
nextjs-app-template:lint-prettier-fix: app/page.tsx 8ms
nextjs-app-template:lint-prettier-fix: atoms/themeAtom.ts 9ms
nextjs-app-template:lint-prettier-fix: components/ContactForm.tsx 13ms
nextjs-app-template:lint-prettier-fix: coverage/coverage-final.json 0ms (unchanged) (cached)
nextjs-app-template:lint-prettier-fix: coverage/lcov-report/base.css 1ms (unchanged) (cached)
nextjs-app-template:lint-prettier-fix: coverage/lcov-report/block-navigation.js 1ms (unchanged) (cached)
nextjs-app-template:lint-prettier-fix: coverage/lcov-report/index.html 1ms (unchanged) (cached)
nextjs-app-template:lint-prettier-fix: coverage/lcov-report/prettify.css 1ms (unchanged) (cached)
@dbarrett24/theme-system:build: CLI Building entry: src/index.ts, src/theme.ts, src/cn.ts
nextjs-app-template:lint-prettier-fix: coverage/lcov-report/prettify.js 1ms (unchanged) (cached)
@dbarrett24/theme-system:build: CLI Using tsconfig: tsconfig.json
@dbarrett24/theme-system:build: CLI tsup v6.7.0
@dbarrett24/theme-system:build: CLI Using tsup config: /Users/dbarr/Documents/Development/personal-dev-configs/shared-configs/theme-system/tsup.config.ts
@dbarrett24/theme-system:build: CLI Target: es2020
nextjs-app-template:lint-prettier-fix: coverage/lcov-report/sorter.js 1ms (unchanged) (cached)
@dbarrett24/theme-system:build: CLI Cleaning output folder
@dbarrett24/theme-system:build: CJS Build start
@dbarrett24/theme-system:build: ESM Build start
nextjs-app-template:lint-prettier-fix: data/posts/useGetPosts.ts 7ms
@dbarrett24/theme-system:build: ESM dist/cn.mjs        193.00 B
@dbarrett24/theme-system:build: ESM dist/index.mjs     3.52 KB
@dbarrett24/theme-system:build: ESM dist/theme.mjs     3.37 KB
@dbarrett24/theme-system:build: ESM dist/index.mjs.map 6.45 KB
@dbarrett24/theme-system:build: ESM dist/cn.mjs.map    1.13 KB
@dbarrett24/theme-system:build: ESM dist/theme.mjs.map 5.39 KB
@dbarrett24/theme-system:build: ESM ⚡️ Build success in 22ms
@dbarrett24/theme-system:build: CJS dist/theme.js     4.36 KB
@dbarrett24/theme-system:build: CJS dist/cn.js        1.21 KB
@dbarrett24/theme-system:build: CJS dist/index.js     4.59 KB
@dbarrett24/theme-system:build: CJS dist/theme.js.map 5.43 KB
@dbarrett24/theme-system:build: CJS dist/cn.js.map    1.16 KB
@dbarrett24/theme-system:build: CJS dist/index.js.map 6.63 KB
@dbarrett24/theme-system:build: CJS ⚡️ Build success in 23ms
nextjs-app-template:lint-prettier-fix: jest.config.js 5ms
nextjs-app-template:lint-prettier-fix: next-env.d.ts 0ms (unchanged) (cached)
nextjs-app-template:lint-prettier-fix: next.config.mjs 3ms
nextjs-app-template:lint-prettier-fix: package.json 3ms (unchanged) (cached)
nextjs-app-template:lint-prettier-fix: postcss.config.js 3ms
nextjs-app-template:lint-prettier-fix: providers/Providers.tsx 6ms
nextjs-app-template:lint-prettier-fix: README.md 36ms
nextjs-app-template:lint-prettier-fix: tailwind.config.js 4ms
nextjs-app-template:lint-prettier-fix: testing/__mocks__/styleMock.ts 6ms
nextjs-app-template:lint-prettier-fix: testing/setupTests.ts 6ms
@dbarrett24/theme-system:lint-ts-fix: 
@dbarrett24/theme-system:lint-ts-fix: > @dbarrett24/theme-system@1.0.0 lint-ts /Users/dbarr/Documents/Development/personal-dev-configs/shared-configs/theme-system
@dbarrett24/theme-system:lint-ts-fix: > eslint src --cache --fix
@dbarrett24/theme-system:lint-ts-fix: 
nextjs-app-template:lint-prettier-fix: tsconfig.json 2ms
@dbarrett24/theme-system:build: DTS Build start
@dbarrett24/testing-utils:build: CLI Building entry: src/index.ts
@dbarrett24/testing-utils:build: CLI Using tsconfig: tsconfig.json
@dbarrett24/testing-utils:build: CLI tsup v6.7.0
@dbarrett24/testing-utils:build: CLI Using tsup config: /Users/dbarr/Documents/Development/personal-dev-configs/shared-configs/testing-utils/tsup.config.ts
@dbarrett24/testing-utils:build: CLI Target: es2020
@dbarrett24/testing-utils:build: CLI Cleaning output folder
@dbarrett24/testing-utils:build: CJS Build start
@dbarrett24/testing-utils:build: ESM Build start
@dbarrett24/testing-utils:build: ESM dist/index.mjs     4.02 KB
@dbarrett24/testing-utils:build: ESM dist/index.mjs.map 10.53 KB
@dbarrett24/testing-utils:build: ESM ⚡️ Build success in 25ms
@dbarrett24/testing-utils:build: CJS dist/index.js     6.37 KB
@dbarrett24/testing-utils:build: CJS dist/index.js.map 10.65 KB
@dbarrett24/testing-utils:build: CJS ⚡️ Build success in 27ms
@dbarrett24/testing-utils:build: DTS Build start
@dbarrett24/theme-system:build: DTS ⚡️ Build success in 855ms
@dbarrett24/theme-system:build: DTS dist/index.d.ts 92.00 B
@dbarrett24/theme-system:build: DTS dist/theme.d.ts 2.57 KB
@dbarrett24/theme-system:build: DTS dist/cn.d.ts    865.00 B
@dbarrett24/testing-utils:build: DTS ⚡️ Build success in 1000ms
@dbarrett24/testing-utils:build: DTS dist/index.d.ts 5.99 KB
@dbarrett24/core-components:build: cache miss, executing 4425e25b7374085e
@dbarrett24/core-components:lint-ts-fix: cache bypass, force executing 755cb4fd0e7e08e5
@dbarrett24/core-components:build: 
@dbarrett24/core-components:build: > @dbarrett24/core-components@1.0.0 build /Users/dbarr/Documents/Development/personal-dev-configs/shared-configs/core-components
@dbarrett24/core-components:build: > tsup
@dbarrett24/core-components:build: 
@dbarrett24/core-components:lint-ts-fix: 
@dbarrett24/core-components:lint-ts-fix: > @dbarrett24/core-components@1.0.0 lint-ts-fix /Users/dbarr/Documents/Development/personal-dev-configs/shared-configs/core-components
@dbarrett24/core-components:lint-ts-fix: > pnpm lint-ts --fix
@dbarrett24/core-components:lint-ts-fix: 
@dbarrett24/core-components:lint-ts-fix: 
@dbarrett24/core-components:lint-ts-fix: > @dbarrett24/core-components@1.0.0 lint-ts /Users/dbarr/Documents/Development/personal-dev-configs/shared-configs/core-components
@dbarrett24/core-components:lint-ts-fix: > eslint src --cache --fix
@dbarrett24/core-components:lint-ts-fix: 
@dbarrett24/tsup-config:lint-ts-fix: Warning: React version was set to "detect" in eslint-plugin-react settings, but the "react" package is not installed. Assuming latest React version for linting.
@dbarrett24/core-components:build: CLI Building entry: {"index":"src/index.ts","Button":"src/Button/Button.tsx","Input":"src/Input/Input.tsx"}
@dbarrett24/core-components:build: CLI Using tsconfig: tsconfig.json
@dbarrett24/core-components:build: CLI tsup v6.7.0
@dbarrett24/core-components:build: CLI Using tsup config: /Users/dbarr/Documents/Development/personal-dev-configs/shared-configs/core-components/tsup.config.ts
@dbarrett24/core-components:build: CLI Target: es2020
@dbarrett24/core-components:build: CLI Cleaning output folder
@dbarrett24/core-components:build: CJS Build start
@dbarrett24/core-components:build: ESM Build start
@dbarrett24/theme-system:lint-ts-fix: Warning: React version was set to "detect" in eslint-plugin-react settings, but the "react" package is not installed. Assuming latest React version for linting.
@dbarrett24/core-components:build: ESM dist/esm/Button.js         243.00 B
@dbarrett24/core-components:build: ESM dist/esm/chunk-KHZCWDKK.js 13.46 KB
@dbarrett24/core-components:build: ESM dist/esm/chunk-ECQLWD2J.js 16.47 KB
@dbarrett24/core-components:build: ESM dist/esm/Input.js          241.00 B
@dbarrett24/core-components:build: ESM dist/esm/index.js          1.04 KB
@dbarrett24/core-components:build: ESM ⚡️ Build success in 122ms
@dbarrett24/core-components:build: CJS dist/Button.js         292.00 B
@dbarrett24/core-components:build: CJS dist/index.js          1.20 KB
@dbarrett24/core-components:build: CJS dist/chunk-NK2W2ABE.js 13.83 KB
@dbarrett24/core-components:build: CJS dist/Input.js          290.00 B
@dbarrett24/core-components:build: CJS dist/chunk-ODM5PFRS.js 17.17 KB
@dbarrett24/core-components:build: CJS ⚡️ Build success in 128ms
@dbarrett24/tsup-config:lint-ts-fix: 
@dbarrett24/tsup-config:lint-ts-fix: /Users/dbarr/Documents/Development/personal-dev-configs/shared-configs/tsup-config/src/index.ts
@dbarrett24/tsup-config:lint-ts-fix:     1:1    error    Resolve error: typescript with invalid interface loaded as resolver  import/order
@dbarrett24/tsup-config:lint-ts-fix:     1:1    error    Resolve error: typescript with invalid interface loaded as resolver  import/no-duplicates
@dbarrett24/tsup-config:lint-ts-fix:     1:1    error    Resolve error: typescript with invalid interface loaded as resolver  import/no-self-import
@dbarrett24/tsup-config:lint-ts-fix:    68:27   warning  Unexpected any. Specify a different type                             @typescript-eslint/no-explicit-any
@dbarrett24/tsup-config:lint-ts-fix:    93:111  error    Unnecessary optional chain on a non-nullish value                    @typescript-eslint/no-unnecessary-condition
@dbarrett24/tsup-config:lint-ts-fix:   103:45   error    Unnecessary optional chain on a non-nullish value                    @typescript-eslint/no-unnecessary-condition
@dbarrett24/tsup-config:lint-ts-fix:   115:49   error    Unnecessary optional chain on a non-nullish value                    @typescript-eslint/no-unnecessary-condition
@dbarrett24/tsup-config:lint-ts-fix: 
@dbarrett24/tsup-config:lint-ts-fix: ✖ 7 problems (6 errors, 1 warning)
@dbarrett24/tsup-config:lint-ts-fix: 
@dbarrett24/tsup-config:lint-ts-fix:  ELIFECYCLE  Command failed with exit code 1.
@dbarrett24/core-components:build: DTS Build start
@dbarrett24/tsup-config:lint-ts-fix:  ELIFECYCLE  Command failed with exit code 1.
@dbarrett24/testing-utils:lint-ts-fix: 
@dbarrett24/testing-utils:lint-ts-fix: /Users/dbarr/Documents/Development/personal-dev-configs/shared-configs/testing-utils/src/FormWrapper.tsx
@dbarrett24/testing-utils:lint-ts-fix:   1:1  error  Resolve error: typescript with invalid interface loaded as resolver  import/order
@dbarrett24/testing-utils:lint-ts-fix:   1:1  error  Resolve error: typescript with invalid interface loaded as resolver  import/no-duplicates
@dbarrett24/testing-utils:lint-ts-fix:   1:1  error  Resolve error: typescript with invalid interface loaded as resolver  import/no-self-import
@dbarrett24/testing-utils:lint-ts-fix: 
@dbarrett24/testing-utils:lint-ts-fix: /Users/dbarr/Documents/Development/personal-dev-configs/shared-configs/testing-utils/src/index.ts
@dbarrett24/testing-utils:lint-ts-fix:   1:1  error  Resolve error: typescript with invalid interface loaded as resolver  import/no-self-import
@dbarrett24/testing-utils:lint-ts-fix:   1:1  error  Resolve error: typescript with invalid interface loaded as resolver  import/no-useless-path-segments
@dbarrett24/testing-utils:lint-ts-fix: 
@dbarrett24/testing-utils:lint-ts-fix: /Users/dbarr/Documents/Development/personal-dev-configs/shared-configs/testing-utils/src/jotaiStore.ts
@dbarrett24/testing-utils:lint-ts-fix:   1:1  error  Resolve error: typescript with invalid interface loaded as resolver  import/order
@dbarrett24/testing-utils:lint-ts-fix:   1:1  error  Resolve error: typescript with invalid interface loaded as resolver  import/no-duplicates
@dbarrett24/testing-utils:lint-ts-fix:   1:1  error  Resolve error: typescript with invalid interface loaded as resolver  import/no-self-import
@dbarrett24/testing-utils:lint-ts-fix: 
@dbarrett24/testing-utils:lint-ts-fix: /Users/dbarr/Documents/Development/personal-dev-configs/shared-configs/testing-utils/src/render.tsx
@dbarrett24/testing-utils:lint-ts-fix:   1:1  error  Resolve error: typescript with invalid interface loaded as resolver  import/order
@dbarrett24/testing-utils:lint-ts-fix:   1:1  error  Resolve error: typescript with invalid interface loaded as resolver  import/no-duplicates
@dbarrett24/testing-utils:lint-ts-fix:   1:1  error  Resolve error: typescript with invalid interface loaded as resolver  import/no-self-import
@dbarrett24/testing-utils:lint-ts-fix:   1:1  error  Resolve error: typescript with invalid interface loaded as resolver  import/no-useless-path-segments
@dbarrett24/testing-utils:lint-ts-fix: 
@dbarrett24/testing-utils:lint-ts-fix: /Users/dbarr/Documents/Development/personal-dev-configs/shared-configs/testing-utils/src/types.ts
@dbarrett24/testing-utils:lint-ts-fix:   1:1  error  Resolve error: typescript with invalid interface loaded as resolver  import/order
@dbarrett24/testing-utils:lint-ts-fix:   1:1  error  Resolve error: typescript with invalid interface loaded as resolver  import/no-duplicates
@dbarrett24/testing-utils:lint-ts-fix:   1:1  error  Resolve error: typescript with invalid interface loaded as resolver  import/no-self-import
@dbarrett24/testing-utils:lint-ts-fix: 
@dbarrett24/testing-utils:lint-ts-fix: ✖ 15 problems (15 errors, 0 warnings)
@dbarrett24/testing-utils:lint-ts-fix: 
@dbarrett24/testing-utils:lint-ts-fix:  ELIFECYCLE  Command failed with exit code 1.
@dbarrett24/tsup-config:lint-ts-fix: ERROR: command finished with error: command (/Users/dbarr/Documents/Development/personal-dev-configs/shared-configs/tsup-config) /Users/dbarr/Library/pnpm/.tools/pnpm/10.13.1/bin/pnpm run lint-ts-fix exited (1)
@dbarrett24/testing-utils:lint-ts-fix:  ELIFECYCLE  Command failed with exit code 1.
@dbarrett24/tsup-config#lint-ts-fix: command (/Users/dbarr/Documents/Development/personal-dev-configs/shared-configs/tsup-config) /Users/dbarr/Library/pnpm/.tools/pnpm/10.13.1/bin/pnpm run lint-ts-fix exited (1)

 Tasks:    11 successful, 16 total
Cached:    0 cached, 16 total
  Time:    7.713s 
Failed:    @dbarrett24/tsup-config#lint-ts-fix

 ERROR  run failed: command  exited (1)
 ELIFECYCLE  Command failed with exit code 1.
